================================================================================
                  BLACKBOX FLIGHT DATA RECORDER DUMP
                  TIMESTAMP: 06/15/2026 12:21:13
================================================================================
[12:20:13.962] [INFO] [COMMANDS] SetThrottle: Throttle increased
[12:20:14.161] [INFO] [COMMANDS] SetThrottle: Throttle increased
[12:20:14.370] [INFO] [COMMANDS] SetThrottle: Throttle increased
[12:20:14.371] [LOW] [TELEMETRY] ALT: 0ft | SPD: 9kts | HDG: 360° | PITCH: 0.0°
[12:20:14.575] [INFO] [COMMANDS] SetThrottle: Throttle increased
[12:20:14.777] [INFO] [COMMANDS] SetThrottle: Throttle increased
[12:20:14.878] [INFO] [COMMANDS] SetThrottle: Throttle increased
[12:20:15.403] [LOW] [TELEMETRY] ALT: 0ft | SPD: 57kts | HDG: 360° | PITCH: 0.0°
[12:20:22.719] [INFO] [COMMANDS] Land: Begin landing
[12:20:24.374] [INFO] [COMMANDS] SetThrottle: Throttle increased
[12:20:25.207] [INFO] [COMMANDS] SetThrottle: Throttle increased
[12:20:25.615] [INFO] [COMMANDS] SetThrottle: Throttle decreased
[12:20:26.027] [INFO] [COMMANDS] SetThrottle: Throttle decreased
[12:20:26.543] [INFO] [COMMANDS] SetThrottle: Throttle increased
[12:20:32.882] [INFO] [COMMANDS] SetThrottle: Throttle increased
[12:20:33.532] [INFO] [COMMANDS] SetThrottle: Throttle increased
[12:20:34.186] [INFO] [COMMANDS] SetThrottle: Throttle increased
[12:20:34.693] [INFO] [COMMANDS] SetThrottle: Throttle increased
[12:20:35.398] [INFO] [COMMANDS] SetThrottle: Throttle increased
[12:20:35.803] [INFO] [COMMANDS] SetThrottle: Throttle increased
[12:20:36.208] [INFO] [COMMANDS] SetThrottle: Throttle increased
[12:20:36.613] [INFO] [COMMANDS] SetThrottle: Throttle increased
[12:20:36.920] [INFO] [COMMANDS] SetThrottle: Throttle increased
[12:20:35.630] [INFO] [COMMANDS] SetThrottle: Throttle increased
[12:20:36.035] [INFO] [COMMANDS] SetThrottle: Throttle increased
[12:20:36.952] [INFO] [COMMANDS] SetThrottle: Throttle increased
[12:20:37.053] [INFO] [COMMANDS] SetThrottle: Throttle increased
[12:20:37.154] [INFO] [COMMANDS] SetThrottle: Throttle increased
[12:20:37.154] [INFO] [COMMANDS] SetThrottle: Throttle increased
[12:20:37.255] [INFO] [COMMANDS] SetThrottle: Throttle increased
[12:20:37.255] [INFO] [COMMANDS] SetThrottle: Throttle increased
[12:20:37.359] [INFO] [COMMANDS] SetThrottle: Throttle increased
[12:20:37.461] [INFO] [COMMANDS] SetThrottle: Throttle increased
[12:20:40.527] [INFO] [COMMANDS] SetThrottle: Throttle increased
[12:20:58.923] [INFO] [COMMANDS] SetThrottle: Throttle increased
[12:21:01.375] [INFO] [COMMANDS] SetThrottle: Throttle increased
[12:21:02.823] [LOW] [TELEMETRY] ALT: 0ft | SPD: 115kts | HDG: 360° | PITCH: 0.0°
[12:21:06.944] [INFO] [COMMANDS] SetThrottle: Throttle increased
[12:21:07.553] [INFO] [COMMANDS] SetThrottle: Throttle increased
[12:21:06.451] [INFO] [COMMANDS] SetThrottle: Throttle decreased
[12:21:07.061] [INFO] [COMMANDS] SetThrottle: Throttle increased
[12:21:07.262] [INFO] [COMMANDS] SetThrottle: Throttle increased
[12:21:07.465] [INFO] [COMMANDS] SetThrottle: Throttle increased
[12:21:08.893] [INFO] [COMMANDS] SetThrottle: Throttle increased
[12:21:08.993] [LOW] [TELEMETRY] ALT: 0ft | SPD: 188kts | HDG: 360° | PITCH: 0.0°
[12:21:09.297] [INFO] [COMMANDS] SetThrottle: Throttle increased
[12:21:09.601] [INFO] [COMMANDS] SetThrottle: Throttle decreased
[12:21:10.009] [INFO] [COMMANDS] SetThrottle: Throttle decreased
[12:21:10.009] [LOW] [TELEMETRY] ALT: 0ft | SPD: 242kts | HDG: 360° | PITCH: 0.0°
[12:21:10.413] [INFO] [COMMANDS] SetThrottle: Throttle decreased
[12:21:10.624] [INFO] [COMMANDS] SetThrottle: Throttle decreased
[12:21:11.036] [LOW] [TELEMETRY] ALT: 0ft | SPD: 261kts | HDG: 360° | PITCH: 0.0°
[12:21:11.137] [INFO] [COMMANDS] SetThrottle: Throttle increased
[12:21:11.657] [INFO] [COMMANDS] SetThrottle: Throttle increased
[12:21:11.969] [INFO] [COMMANDS] SetThrottle: Throttle increased
[12:21:12.073] [LOW] [TELEMETRY] ALT: 0ft | SPD: 287kts | HDG: 360° | PITCH: 0.0°
[12:21:13.159] [LOW] [TELEMETRY] ALT: 0ft | SPD: 319kts | HDG: 360° | PITCH: 0.0°
