================================================================================
                  BLACKBOX FLIGHT DATA RECORDER DUMP
                  TIMESTAMP: 06/15/2026 12:22:00
================================================================================
[12:21:53.001] [LOW] [TELEMETRY] ALT: 0ft | SPD: 0kts | HDG: 360° | PITCH: 0.0°
[12:21:53.425] [INFO] [COMMANDS] SetThrottle: Throttle increased
[12:21:53.937] [INFO] [COMMANDS] SetThrottle: Throttle increased
[12:21:54.038] [LOW] [TELEMETRY] ALT: 0ft | SPD: 9kts | HDG: 360° | PITCH: 0.0°
[12:21:54.139] [INFO] [COMMANDS] SetThrottle: Throttle increased
[12:21:54.862] [INFO] [COMMANDS] SetThrottle: Throttle increased
[12:21:55.069] [INFO] [COMMANDS] SetThrottle: Throttle increased
[12:21:55.069] [LOW] [TELEMETRY] ALT: 0ft | SPD: 40kts | HDG: 360° | PITCH: 0.0°
[12:21:55.275] [INFO] [COMMANDS] SetThrottle: Throttle increased
[12:21:55.921] [INFO] [COMMANDS] SetThrottle: Throttle decreased
[12:21:56.131] [LOW] [TELEMETRY] ALT: 0ft | SPD: 85kts | HDG: 360° | PITCH: 0.0°
[12:21:56.333] [INFO] [COMMANDS] SetThrottle: Throttle decreased
[12:21:56.536] [INFO] [COMMANDS] SetThrottle: Throttle decreased
[12:21:56.739] [INFO] [COMMANDS] SetThrottle: Throttle decreased
[12:21:56.941] [INFO] [COMMANDS] SetThrottle: Throttle decreased
[12:21:57.144] [INFO] [COMMANDS] SetThrottle: Throttle increased
[12:21:57.144] [LOW] [TELEMETRY] ALT: 0ft | SPD: 94kts | HDG: 360° | PITCH: 0.0°
[12:21:57.347] [INFO] [COMMANDS] SetThrottle: Throttle increased
[12:21:57.550] [INFO] [COMMANDS] SetThrottle: Throttle increased
[12:21:57.758] [INFO] [COMMANDS] SetThrottle: Throttle increased
[12:21:58.160] [LOW] [TELEMETRY] ALT: 0ft | SPD: 116kts | HDG: 360° | PITCH: 0.0°
[12:21:59.187] [LOW] [TELEMETRY] ALT: 0ft | SPD: 142kts | HDG: 360° | PITCH: 0.0°
