================================================================================
                  BLACKBOX FLIGHT DATA RECORDER DUMP
                  TIMESTAMP: 06/15/2026 12:37:19
================================================================================
[12:36:08.634] [LOW] [TELEMETRY] ALT: 0ft | SPD: 0kts | HDG: 360° | PITCH: 0.0°
[12:36:09.659] [LOW] [TELEMETRY] ALT: 0ft | SPD: 0kts | HDG: 360° | PITCH: 0.0°
[12:36:10.672] [LOW] [TELEMETRY] ALT: 0ft | SPD: 0kts | HDG: 360° | PITCH: 0.0°
[12:36:11.688] [LOW] [TELEMETRY] ALT: 0ft | SPD: 0kts | HDG: 360° | PITCH: 0.0°
[12:36:12.701] [LOW] [TELEMETRY] ALT: 0ft | SPD: 0kts | HDG: 360° | PITCH: 0.0°
[12:36:13.711] [LOW] [TELEMETRY] ALT: 0ft | SPD: 0kts | HDG: 360° | PITCH: 0.0°
[12:36:14.720] [LOW] [TELEMETRY] ALT: 0ft | SPD: 0kts | HDG: 360° | PITCH: 0.0°
[12:36:15.730] [LOW] [TELEMETRY] ALT: 0ft | SPD: 0kts | HDG: 360° | PITCH: 0.0°
[12:36:16.744] [LOW] [TELEMETRY] ALT: 0ft | SPD: 0kts | HDG: 360° | PITCH: 0.0°
[12:36:17.756] [LOW] [TELEMETRY] ALT: 0ft | SPD: 0kts | HDG: 360° | PITCH: 0.0°
[12:36:17.858] [INFO] [COMMANDS] SetThrottle: Throttle increased
[12:36:18.160] [INFO] [COMMANDS] SetThrottle: Throttle increased
[12:36:18.769] [LOW] [TELEMETRY] ALT: 0ft | SPD: 16kts | HDG: 360° | PITCH: 0.0°
[12:36:19.383] [INFO] [COMMANDS] SetPitch: Pitch up
[12:36:19.786] [LOW] [TELEMETRY] ALT: 0ft | SPD: 32kts | HDG: 360° | PITCH: 0.0°
[12:36:20.293] [INFO] [COMMANDS] SetPitch: Pitch up
[12:36:20.393] [INFO] [COMMANDS] SetPitch: Pitch up
[12:36:20.393] [INFO] [COMMANDS] SetPitch: Pitch up
[12:36:20.594] [INFO] [COMMANDS] SetPitch: Pitch up
[12:36:20.796] [LOW] [TELEMETRY] ALT: 0ft | SPD: 45kts | HDG: 360° | PITCH: 0.0°
[12:36:21.808] [LOW] [TELEMETRY] ALT: 0ft | SPD: 56kts | HDG: 360° | PITCH: 0.0°
[12:36:22.817] [LOW] [TELEMETRY] ALT: 0ft | SPD: 64kts | HDG: 360° | PITCH: 0.0°
[12:36:23.829] [LOW] [TELEMETRY] ALT: 0ft | SPD: 71kts | HDG: 360° | PITCH: 0.0°
[12:36:24.839] [LOW] [TELEMETRY] ALT: 0ft | SPD: 77kts | HDG: 360° | PITCH: 0.0°
[12:36:25.849] [LOW] [TELEMETRY] ALT: 0ft | SPD: 82kts | HDG: 360° | PITCH: 0.0°
[12:36:26.859] [LOW] [TELEMETRY] ALT: 0ft | SPD: 86kts | HDG: 360° | PITCH: 0.0°
[12:36:27.870] [LOW] [TELEMETRY] ALT: 0ft | SPD: 89kts | HDG: 360° | PITCH: 0.0°
[12:36:35.844] [INFO] [COMMANDS] GoAround: Abort current phase / go around
[12:36:38.915] [INFO] [COMMANDS] SetThrottle: Throttle increased
[12:36:39.230] [INFO] [COMMANDS] SetThrottle: Throttle increased
[12:36:39.976] [INFO] [COMMANDS] SetThrottle: Throttle increased
[12:36:40.402] [INFO] [COMMANDS] SetThrottle: Throttle increased
[12:36:40.728] [INFO] [COMMANDS] SetThrottle: Throttle increased
[12:36:41.042] [INFO] [COMMANDS] SetThrottle: Throttle increased
[12:36:41.353] [INFO] [COMMANDS] SetThrottle: Throttle increased
[12:36:42.180] [INFO] [COMMANDS] SetThrottle: Throttle increased
[12:36:42.809] [INFO] [COMMANDS] SetThrottle: Throttle decreased
[12:36:43.115] [INFO] [COMMANDS] SetThrottle: Throttle decreased
[12:36:43.323] [INFO] [COMMANDS] SetThrottle: Throttle decreased
[12:36:44.504] [INFO] [COMMANDS] GoAround: Abort current phase / go around
[12:36:47.571] [LOW] [TELEMETRY] ALT: 0ft | SPD: 134kts | HDG: 360° | PITCH: 0.0°
[12:36:48.196] [INFO] [COMMANDS] SetThrottle: Throttle decreased
[12:36:48.615] [LOW] [TELEMETRY] ALT: 0ft | SPD: 171kts | HDG: 360° | PITCH: 0.0°
[12:36:49.567] [INFO] [COMMANDS] FireSuppression: Extinguish engine fires
[12:36:49.674] [LOW] [TELEMETRY] ALT: 0ft | SPD: 196kts | HDG: 360° | PITCH: 0.0°
[12:36:50.636] [HIGH] [ANOMALIES] !! WARNING: FUEL LEAK detected -- 84 kg/h loss rate !!
[12:36:50.737] [INFO] [COMMANDS] SetPitch: Pitch up
[12:36:50.737] [LOW] [TELEMETRY] ALT: 1ft | SPD: 217kts | HDG: 360° | PITCH: 2.0°
[12:36:50.009] [LOW] [TELEMETRY] ALT: 8ft | SPD: 234kts | HDG: 360° | PITCH: 2.0°
[12:36:51.303] [INFO] [COMMANDS] SetPitch: Pitch up
[12:36:51.936] [INFO] [COMMANDS] SetPitch: Pitch up
[12:36:52.561] [INFO] [COMMANDS] SetPitch: Pitch down
[12:36:52.865] [INFO] [COMMANDS] SetPitch: Pitch down
[12:36:54.997] [INFO] [COMMANDS] EmergencyDeclare: Emergency declared
[12:36:56.627] [INFO] [COMMANDS] ToggleAutopilot: Autopilot toggled
[12:36:57.235] [INFO] [COMMANDS] ToggleAutopilot: Autopilot toggled
[12:36:58.864] [INFO] [COMMANDS] ResolveAnomaly: Attempted current anomaly resolution
[12:36:59.678] [INFO] [COMMANDS] ResolveAnomaly: Attempted current anomaly resolution
[12:37:00.292] [INFO] [COMMANDS] ResolveAnomaly: Attempted current anomaly resolution
[12:37:01.128] [INFO] [COMMANDS] GoAround: Abort current phase / go around
[12:37:02.382] [LOW] [TELEMETRY] ALT: 16ft | SPD: 247kts | HDG: 360° | PITCH: 2.0°
[12:37:03.204] [INFO] [COMMANDS] ResolveAnomaly: Attempted current anomaly resolution
[12:37:03.407] [LOW] [TELEMETRY] ALT: 25ft | SPD: 259kts | HDG: 360° | PITCH: 2.0°
[12:37:03.944] [INFO] [COMMANDS] ResolveAnomaly: Attempted current anomaly resolution
[12:37:04.475] [LOW] [TELEMETRY] ALT: 34ft | SPD: 268kts | HDG: 360° | PITCH: 2.0°
[12:37:05.000] [INFO] [COMMANDS] FireSuppression: Extinguish engine fires
[12:37:05.527] [INFO] [COMMANDS] FireSuppression: Extinguish engine fires
[12:37:05.527] [LOW] [TELEMETRY] ALT: 43ft | SPD: 275kts | HDG: 360° | PITCH: 2.0°
[12:37:05.843] [INFO] [COMMANDS] FireSuppression: Extinguish engine fires
[12:37:06.158] [INFO] [COMMANDS] FireSuppression: Extinguish engine fires
[12:37:06.585] [LOW] [TELEMETRY] ALT: 52ft | SPD: 282kts | HDG: 360° | PITCH: 2.0°
[12:37:07.624] [LOW] [TELEMETRY] ALT: 61ft | SPD: 287kts | HDG: 360° | PITCH: 2.0°
[12:37:07.936] [INFO] [COMMANDS] Flaps: Flaps down
[12:37:08.661] [INFO] [COMMANDS] Flaps: Flaps up
[12:37:08.661] [LOW] [TELEMETRY] ALT: 71ft | SPD: 291kts | HDG: 360° | PITCH: 2.0°
[12:37:09.701] [LOW] [TELEMETRY] ALT: 81ft | SPD: 294kts | HDG: 360° | PITCH: 2.0°
[12:37:10.740] [LOW] [TELEMETRY] ALT: 91ft | SPD: 297kts | HDG: 360° | PITCH: 2.0°
[12:37:11.785] [LOW] [TELEMETRY] ALT: 101ft | SPD: 299kts | HDG: 360° | PITCH: 2.0°
[12:37:12.826] [LOW] [TELEMETRY] ALT: 111ft | SPD: 301kts | HDG: 360° | PITCH: 2.0°
[12:37:13.863] [LOW] [TELEMETRY] ALT: 121ft | SPD: 302kts | HDG: 360° | PITCH: 2.0°
[12:37:13.965] [INFO] [COMMANDS] Gear: Emergency gear extension
[12:37:14.921] [LOW] [TELEMETRY] ALT: 131ft | SPD: 304kts | HDG: 360° | PITCH: 2.0°
[12:37:15.668] [INFO] [COMMANDS] Gear: Emergency gear extension
[12:37:15.981] [LOW] [TELEMETRY] ALT: 141ft | SPD: 305kts | HDG: 360° | PITCH: 2.0°
[12:37:16.195] [INFO] [COMMANDS] Gear: Emergency gear extension
[12:37:16.399] [INFO] [COMMANDS] Gear: Emergency gear extension
[12:37:16.716] [INFO] [COMMANDS] Gear: Emergency gear extension
[12:37:16.821] [INFO] [COMMANDS] Gear: Emergency gear extension
[12:37:17.027] [LOW] [TELEMETRY] ALT: 151ft | SPD: 305kts | HDG: 360° | PITCH: 2.0°
[12:37:17.234] [INFO] [COMMANDS] Gear: Emergency gear extension
[12:37:18.054] [LOW] [TELEMETRY] ALT: 161ft | SPD: 306kts | HDG: 360° | PITCH: 2.0°
